2026-03-25 23:57:04,156 - INFO - parser.py:158 - Translation started on ONNX model yolov8n
2026-03-25 23:57:04,250 - INFO - parser.py:193 - Restored ONNX model yolov8n (completion time: 00:00:00.09)
2026-03-25 23:57:04,442 - INFO - parser.py:216 - Extracted ONNXRuntime meta-data for Hailo model (completion time: 00:00:00.29)
2026-03-25 23:57:05,377 - INFO - parser.py:274 - Simplified ONNX model for a parsing retry attempt (completion time: 00:00:01.22)
2026-03-25 23:57:06,351 - INFO - parser_cli.py:247 - According to recommendations, retrying parsing with end node names: ['/model.23/Sigmoid', '/model.23/Concat'].
2026-03-25 23:57:06,351 - INFO - parser.py:158 - Translation started on ONNX model yolov8n
2026-03-25 23:57:06,400 - INFO - parser.py:193 - Restored ONNX model yolov8n (completion time: 00:00:00.05)
2026-03-25 23:57:06,577 - INFO - parser.py:216 - Extracted ONNXRuntime meta-data for Hailo model (completion time: 00:00:00.23)
2026-03-25 23:57:07,740 - INFO - parser.py:366 - Start nodes mapped from original model: 'images': 'yolov8n/input_layer1'.
2026-03-25 23:57:07,741 - INFO - parser.py:367 - End nodes mapped from original model: '/model.23/Sigmoid', '/model.23/Concat'.
2026-03-25 23:57:07,901 - INFO - parser.py:288 - Translation completed on ONNX model yolov8n (completion time: 00:00:01.55)
2026-03-25 23:57:09,672 - INFO - client_runner.py:1881 - Saved HAR to: /local/shared_with_docker/FuelDetector/yolov8n.har
2026-03-25 23:57:11,140 - INFO - client_runner.py:501 - Loading model script commands to yolov8n from /local/workspace/hailo_model_zoo/hailo_model_zoo/cfg/alls/generic/yolov8n.alls
2026-03-25 23:57:11,226 - INFO - client_runner.py:504 - Loading model script commands to yolov8n from string
2026-03-25 23:58:04,843 - INFO - parser.py:158 - Translation started on ONNX model yolov11n
2026-03-25 23:58:04,938 - INFO - parser.py:193 - Restored ONNX model yolov11n (completion time: 00:00:00.09)
2026-03-25 23:58:05,207 - INFO - parser.py:216 - Extracted ONNXRuntime meta-data for Hailo model (completion time: 00:00:00.36)
2026-03-25 23:58:06,340 - INFO - parser.py:366 - Start nodes mapped from original model: 'images': 'yolov11n/input_layer1'.
2026-03-25 23:58:06,340 - INFO - parser.py:367 - End nodes mapped from original model: '/model.23/cv2.0/cv2.0.2/Conv', '/model.23/cv3.0/cv3.0.2/Conv', '/model.23/cv2.1/cv2.1.2/Conv', '/model.23/cv3.1/cv3.1.2/Conv', '/model.23/cv2.2/cv2.2.2/Conv', '/model.23/cv3.2/cv3.2.2/Conv'.
2026-03-25 23:58:06,495 - INFO - parser.py:288 - Translation completed on ONNX model yolov11n (completion time: 00:00:01.65)
2026-03-25 23:58:08,158 - INFO - client_runner.py:1881 - Saved HAR to: /local/shared_with_docker/FuelDetector/yolov11n.har
2026-03-25 23:58:09,309 - INFO - client_runner.py:501 - Loading model script commands to yolov11n from /local/workspace/hailo_model_zoo/hailo_model_zoo/cfg/alls/generic/yolov11n.alls
2026-03-25 23:58:09,393 - INFO - client_runner.py:504 - Loading model script commands to yolov11n from string
2026-03-25 23:58:10,894 - INFO - calib_set_generator.py:130 - Found model with 3 input channels, using real RGB images for calibration instead of sampling random data.
2026-03-25 23:58:11,379 - IMPORTANT - sdk_backend.py:1133 - Starting Model Optimization
2026-03-25 23:58:13,952 - WARNING - mo_config.py:168 - Reducing optimization level to 0 (the accuracy won't be optimized and compression won't be used) because there's less data than the recommended amount (1024), and there's no available GPU
2026-03-25 23:58:13,953 - WARNING - mo_config.py:233 - Running model optimization with zero level of optimization is not recommended for production use and might lead to suboptimal accuracy results
2026-03-25 23:58:13,954 - INFO - mo_script_parser.py:91 - Model received quantization params from the hn
2026-03-25 23:58:19,830 - INFO - algorithm_base.py:149 - MatmulDecompose skipped
2026-03-25 23:58:20,046 - INFO - algorithm_base.py:152 - Starting Mixed Precision
2026-03-25 23:58:21,014 - INFO - algorithm_base.py:168 - Model Optimization Algorithm Mixed Precision is done (completion time is 00:00:00.97)
2026-03-25 23:58:21,398 - INFO - algorithm_base.py:149 - LayerNorm Decomposition skipped
2026-03-25 23:58:23,029 - INFO - algorithm_base.py:152 - Starting Statistics Collector
2026-03-25 23:58:23,034 - INFO - stats_collection.py:89 - Using dataset with 35 entries for calibration
2026-03-25 23:59:15,723 - INFO - algorithm_base.py:168 - Model Optimization Algorithm Statistics Collector is done (completion time is 00:00:52.69)
2026-03-25 23:59:18,976 - INFO - algorithm_base.py:152 - Starting Fix zp_comp Encoding
2026-03-25 23:59:18,977 - INFO - algorithm_base.py:168 - Model Optimization Algorithm Fix zp_comp Encoding is done (completion time is 00:00:00.00)
2026-03-25 23:59:18,978 - INFO - algorithm_base.py:152 - Starting Matmul Equalization
2026-03-25 23:59:19,013 - INFO - algorithm_base.py:168 - Model Optimization Algorithm Matmul Equalization is done (completion time is 00:00:00.03)
2026-03-25 23:59:19,013 - INFO - algorithm_base.py:152 - Starting MatmulDecomposeFix
2026-03-25 23:59:19,013 - INFO - algorithm_base.py:168 - Model Optimization Algorithm MatmulDecomposeFix is done (completion time is 00:00:00.00)
2026-03-25 23:59:41,286 - WARNING - neg_exp_fixer.py:224 - Reducing output bits of yolov11n/conv80 by 5.0 bits (More than half)
2026-03-26 00:00:01,507 - INFO - algorithm_base.py:149 - Finetune encoding skipped
2026-03-26 00:00:01,511 - INFO - algorithm_base.py:149 - Bias Correction skipped
2026-03-26 00:00:01,538 - INFO - algorithm_base.py:149 - Adaround skipped
2026-03-26 00:00:01,549 - INFO - algorithm_base.py:149 - Quantization-Aware Fine-Tuning skipped
2026-03-26 00:00:22,315 - INFO - algorithm_base.py:149 - Layer Noise Analysis skipped
2026-03-26 00:00:40,892 - IMPORTANT - sdk_backend.py:1145 - Model Optimization is done
2026-03-26 00:00:42,464 - INFO - client_runner.py:1881 - Saved HAR to: /local/shared_with_docker/FuelDetector/yolov11n.har
2026-03-26 00:00:42,470 - INFO - client_runner.py:501 - Loading model script commands to yolov11n from /local/workspace/hailo_model_zoo/hailo_model_zoo/cfg/alls/generic/yolov11n.alls
2026-03-26 00:00:42,643 - INFO - hailo_tools_runner.py:510 - To achieve optimal performance, set the compiler_optimization_level to "max" by adding performance_param(compiler_optimization_level=max) to the model script. Note that this may increase compilation time.
2026-03-26 00:18:11,364 - WARNING - pb_wrapper.py:344 - argument of type 'DefuseParams' is not iterable
2026-03-26 00:18:13,002 - INFO - client_runner.py:1881 - Saved HAR to: /local/shared_with_docker/FuelDetector/yolov11n.har
