[2026-03-26 11:24:36.911] [8768] [HailoRT] [info] [device.cpp:51] [Device] OS Version: Linux 6.12.47+rpt-rpi-2712 #1 SMP PREEMPT Debian 1:6.12.47-1+rpt1 (2025-09-16) aarch64
[2026-03-26 11:24:36.911] [8768] [HailoRT] [info] [control.cpp:113] [control__parse_identify_results] firmware_version is: 4.23.0
[2026-03-26 11:24:36.911] [8768] [HailoRT] [info] [control.cpp:113] [control__parse_identify_results] firmware_version is: 4.23.0
[2026-03-26 11:24:39.667] [8805] [HailoRT] [info] [device.cpp:51] [Device] OS Version: Linux 6.12.47+rpt-rpi-2712 #1 SMP PREEMPT Debian 1:6.12.47-1+rpt1 (2025-09-16) aarch64
[2026-03-26 11:24:39.667] [8805] [HailoRT] [info] [control.cpp:113] [control__parse_identify_results] firmware_version is: 4.23.0
[2026-03-26 11:24:39.667] [8805] [HailoRT] [info] [control.cpp:113] [control__parse_identify_results] firmware_version is: 4.23.0
[2026-03-26 11:24:39.741] [8721] [HailoRT] [info] [vdevice.cpp:535] [create] Creating vdevice with params: device_count: 1, scheduling_algorithm: ROUND_ROBIN, multi_process_service: false
[2026-03-26 11:24:39.754] [8721] [HailoRT] [info] [device.cpp:51] [Device] OS Version: Linux 6.12.47+rpt-rpi-2712 #1 SMP PREEMPT Debian 1:6.12.47-1+rpt1 (2025-09-16) aarch64
[2026-03-26 11:24:39.754] [8721] [HailoRT] [info] [control.cpp:113] [control__parse_identify_results] firmware_version is: 4.23.0
[2026-03-26 11:24:39.755] [8721] [HailoRT] [info] [vdevice.cpp:682] [create] VDevice Infos: 0001:01:00.0
[2026-03-26 11:24:39.768] [8721] [HailoRT] [info] [hef.cpp:1994] [get_network_group_and_network_name] No name was given. Addressing all networks of default network_group: yolov11n
[2026-03-26 11:24:39.768] [8721] [HailoRT] [info] [hef.cpp:1994] [get_network_group_and_network_name] No name was given. Addressing all networks of default network_group: yolov11n
[2026-03-26 11:25:07.979] [9038] [HailoRT] [info] [device.cpp:51] [Device] OS Version: Linux 6.12.47+rpt-rpi-2712 #1 SMP PREEMPT Debian 1:6.12.47-1+rpt1 (2025-09-16) aarch64
[2026-03-26 11:25:07.979] [9038] [HailoRT] [info] [control.cpp:113] [control__parse_identify_results] firmware_version is: 4.23.0
[2026-03-26 11:25:07.979] [9038] [HailoRT] [info] [control.cpp:113] [control__parse_identify_results] firmware_version is: 4.23.0
[2026-03-26 11:25:08.613] [9044] [HailoRT] [info] [device.cpp:51] [Device] OS Version: Linux 6.12.47+rpt-rpi-2712 #1 SMP PREEMPT Debian 1:6.12.47-1+rpt1 (2025-09-16) aarch64
[2026-03-26 11:25:08.614] [9044] [HailoRT] [info] [control.cpp:113] [control__parse_identify_results] firmware_version is: 4.23.0
[2026-03-26 11:25:08.614] [9044] [HailoRT] [info] [control.cpp:113] [control__parse_identify_results] firmware_version is: 4.23.0
[2026-03-26 11:25:08.714] [8998] [HailoRT] [info] [vdevice.cpp:535] [create] Creating vdevice with params: device_count: 1, scheduling_algorithm: ROUND_ROBIN, multi_process_service: false
[2026-03-26 11:25:08.726] [8998] [HailoRT] [info] [device.cpp:51] [Device] OS Version: Linux 6.12.47+rpt-rpi-2712 #1 SMP PREEMPT Debian 1:6.12.47-1+rpt1 (2025-09-16) aarch64
[2026-03-26 11:25:08.726] [8998] [HailoRT] [info] [control.cpp:113] [control__parse_identify_results] firmware_version is: 4.23.0
[2026-03-26 11:25:08.726] [8998] [HailoRT] [info] [vdevice.cpp:682] [create] VDevice Infos: 0001:01:00.0
[2026-03-26 11:25:08.732] [8998] [HailoRT] [info] [hef.cpp:1994] [get_network_group_and_network_name] No name was given. Addressing all networks of default network_group: yolov11n
[2026-03-26 11:25:08.732] [8998] [HailoRT] [info] [hef.cpp:1994] [get_network_group_and_network_name] No name was given. Addressing all networks of default network_group: yolov11n
[2026-03-26 11:25:08.756] [8998] [HailoRT] [info] [internal_buffer_manager.cpp:77] [print_execution_results] Planned internal buffer memory: CMA=0 CMA-Desc=589824 Pinned=3075584. memory to edge layer usage factor is 0.90891206
[2026-03-26 11:25:08.756] [8998] [HailoRT] [info] [internal_buffer_manager.cpp:86] [print_execution_results] Default Internal buffer planner executed successfully
[2026-03-26 11:25:08.778] [8998] [HailoRT] [info] [device_internal.cpp:57] [configure] Configuring HEF took 32.352403 milliseconds
[2026-03-26 11:25:08.778] [8998] [HailoRT] [info] [vdevice.cpp:780] [configure] Configuring HEF on VDevice took 33.086095 milliseconds
[2026-03-26 11:25:08.778] [8998] [HailoRT] [info] [infer_model.cpp:417] [configure] Configuring network group 'yolov11n' with params: batch size: 2, power mode: PERFORMANCE, latency: NONE
[2026-03-26 11:25:08.781] [8998] [HailoRT] [info] [multi_io_elements.cpp:754] [create] Created (AsyncHwEl)
[2026-03-26 11:25:08.782] [8998] [HailoRT] [info] [queue_elements.cpp:450] [create] Created (EntryPushQEl0yolov11n/input_layer1 | timeout: 10s)
[2026-03-26 11:25:08.782] [8998] [HailoRT] [info] [filter_elements.cpp:101] [create] Created (PreInferEl1yolov11n/input_layer1 | Reorder - src_order: RGB4, src_shape: (640, 640, 3), dst_order: NHCW, dst_shape: (640, 640, 3))
[2026-03-26 11:25:08.782] [8998] [HailoRT] [info] [queue_elements.cpp:450] [create] Created (PushQEl1yolov11n/input_layer1 | timeout: 10s)
[2026-03-26 11:25:08.782] [8998] [HailoRT] [info] [multi_io_elements.cpp:135] [create] Created (NmsPPMuxEl0YOLOV8-Post-Process | Op YOLOV8, Name: YOLOV8-Post-Process, Score threshold: 0.300, IoU threshold: 0.45, Classes: 1, Max bboxes per class: 100, Image height: 640, Image width: 640)
[2026-03-26 11:25:08.782] [8998] [HailoRT] [info] [queue_elements.cpp:942] [create] Created (MultiPushQEl0YOLOV8-Post-Process | timeout: 10s)
[2026-03-26 11:25:08.782] [8998] [HailoRT] [info] [edge_elements.cpp:187] [create] Created (LastAsyncEl0NmsPPMuxEl0YOLOV8-Post-Process)
[2026-03-26 11:25:08.782] [8998] [HailoRT] [info] [pipeline.cpp:891] [print_deep_description] EntryPushQEl0yolov11n/input_layer1 | inputs: user | outputs: PreInferEl1yolov11n/input_layer1(running in thread_id: 9071)
[2026-03-26 11:25:08.783] [8998] [HailoRT] [info] [pipeline.cpp:891] [print_deep_description] PreInferEl1yolov11n/input_layer1 | inputs: EntryPushQEl0yolov11n/input_layer1[0] | outputs: PushQEl1yolov11n/input_layer1
[2026-03-26 11:25:08.783] [8998] [HailoRT] [info] [pipeline.cpp:891] [print_deep_description] PushQEl1yolov11n/input_layer1 | inputs: PreInferEl1yolov11n/input_layer1[0] | outputs: AsyncHwEl(running in thread_id: 9072)
[2026-03-26 11:25:08.783] [8998] [HailoRT] [info] [pipeline.cpp:891] [print_deep_description] AsyncHwEl | inputs: PushQEl1yolov11n/input_layer1[0] | outputs: MultiPushQEl0YOLOV8-Post-Process MultiPushQEl0YOLOV8-Post-Process MultiPushQEl0YOLOV8-Post-Process MultiPushQEl0YOLOV8-Post-Process MultiPushQEl0YOLOV8-Post-Process MultiPushQEl0YOLOV8-Post-Process
[2026-03-26 11:25:08.783] [8998] [HailoRT] [info] [pipeline.cpp:891] [print_deep_description] MultiPushQEl0YOLOV8-Post-Process | inputs: AsyncHwEl[0] AsyncHwEl[1] AsyncHwEl[2] AsyncHwEl[3] AsyncHwEl[4] AsyncHwEl[5] | outputs: NmsPPMuxEl0YOLOV8-Post-Process(running in thread_id: 9073)
[2026-03-26 11:25:08.783] [8998] [HailoRT] [info] [pipeline.cpp:891] [print_deep_description] NmsPPMuxEl0YOLOV8-Post-Process | inputs: MultiPushQEl0YOLOV8-Post-Process[0] | outputs: LastAsyncEl0NmsPPMuxEl0YOLOV8-Post-Process
[2026-03-26 11:25:08.783] [8998] [HailoRT] [info] [pipeline.cpp:891] [print_deep_description] LastAsyncEl0NmsPPMuxEl0YOLOV8-Post-Process | inputs: NmsPPMuxEl0YOLOV8-Post-Process[0] | outputs: user
[2026-03-26 11:25:09.071] [9061] [HailoRT] [info] [hef.cpp:1994] [get_network_group_and_network_name] No name was given. Addressing all networks of default network_group: yolov11n
[2026-03-26 11:25:29.992] [8998] [HailoRT] [info] [async_infer_runner.cpp:86] [shutdown] Pipeline was aborted. Shutting it down
[2026-03-26 11:25:29.992] [8998] [HailoRT] [info] [queue_elements.cpp:1131] [execute_deactivate] enqueue() in element MultiPushQEl0YOLOV8-Post-Process was aborted, got status = HAILO_SHUTDOWN_EVENT_SIGNALED(57)
[2026-03-26 11:25:29.992] [8998] [HailoRT] [info] [queue_elements.cpp:1131] [execute_deactivate] enqueue() in element MultiPushQEl0YOLOV8-Post-Process was aborted, got status = HAILO_SHUTDOWN_EVENT_SIGNALED(57)
[2026-03-26 11:25:29.992] [8998] [HailoRT] [info] [queue_elements.cpp:1131] [execute_deactivate] enqueue() in element MultiPushQEl0YOLOV8-Post-Process was aborted, got status = HAILO_SHUTDOWN_EVENT_SIGNALED(57)
[2026-03-26 11:25:29.992] [8998] [HailoRT] [info] [queue_elements.cpp:1131] [execute_deactivate] enqueue() in element MultiPushQEl0YOLOV8-Post-Process was aborted, got status = HAILO_SHUTDOWN_EVENT_SIGNALED(57)
[2026-03-26 11:25:29.992] [8998] [HailoRT] [info] [queue_elements.cpp:1131] [execute_deactivate] enqueue() in element MultiPushQEl0YOLOV8-Post-Process was aborted, got status = HAILO_SHUTDOWN_EVENT_SIGNALED(57)
[2026-03-26 11:25:29.992] [8998] [HailoRT] [info] [queue_elements.cpp:1131] [execute_deactivate] enqueue() in element MultiPushQEl0YOLOV8-Post-Process was aborted, got status = HAILO_SHUTDOWN_EVENT_SIGNALED(57)
[2026-03-26 11:25:29.992] [8998] [HailoRT] [info] [queue_elements.cpp:570] [execute_deactivate] enqueue() in element PushQEl1yolov11n/input_layer1 was aborted, got status = HAILO_SHUTDOWN_EVENT_SIGNALED(57)
[2026-03-26 11:25:29.992] [8998] [HailoRT] [info] [queue_elements.cpp:570] [execute_deactivate] enqueue() in element EntryPushQEl0yolov11n/input_layer1 was aborted, got status = HAILO_SHUTDOWN_EVENT_SIGNALED(57)
[2026-03-26 11:25:29.992] [8998] [HailoRT] [info] [queue_elements.cpp:46] [~BaseQueueElement] Queue element EntryPushQEl0yolov11n/input_layer1 has 0 frames in his Queue on destruction
[2026-03-26 11:25:29.992] [8998] [HailoRT] [info] [queue_elements.cpp:46] [~BaseQueueElement] Queue element PushQEl1yolov11n/input_layer1 has 0 frames in his Queue on destruction
[2026-03-26 11:26:55.175] [9630] [HailoRT] [info] [device.cpp:51] [Device] OS Version: Linux 6.12.47+rpt-rpi-2712 #1 SMP PREEMPT Debian 1:6.12.47-1+rpt1 (2025-09-16) aarch64
[2026-03-26 11:26:55.175] [9630] [HailoRT] [info] [control.cpp:113] [control__parse_identify_results] firmware_version is: 4.23.0
[2026-03-26 11:26:55.175] [9630] [HailoRT] [info] [control.cpp:113] [control__parse_identify_results] firmware_version is: 4.23.0
[2026-03-26 11:26:55.414] [9635] [HailoRT] [info] [device.cpp:51] [Device] OS Version: Linux 6.12.47+rpt-rpi-2712 #1 SMP PREEMPT Debian 1:6.12.47-1+rpt1 (2025-09-16) aarch64
[2026-03-26 11:26:55.414] [9635] [HailoRT] [info] [control.cpp:113] [control__parse_identify_results] firmware_version is: 4.23.0
[2026-03-26 11:26:55.414] [9635] [HailoRT] [info] [control.cpp:113] [control__parse_identify_results] firmware_version is: 4.23.0
[2026-03-26 11:26:55.490] [9591] [HailoRT] [info] [vdevice.cpp:535] [create] Creating vdevice with params: device_count: 1, scheduling_algorithm: ROUND_ROBIN, multi_process_service: false
[2026-03-26 11:26:55.502] [9591] [HailoRT] [info] [device.cpp:51] [Device] OS Version: Linux 6.12.47+rpt-rpi-2712 #1 SMP PREEMPT Debian 1:6.12.47-1+rpt1 (2025-09-16) aarch64
[2026-03-26 11:26:55.502] [9591] [HailoRT] [info] [control.cpp:113] [control__parse_identify_results] firmware_version is: 4.23.0
[2026-03-26 11:26:55.502] [9591] [HailoRT] [info] [vdevice.cpp:682] [create] VDevice Infos: 0001:01:00.0
[2026-03-26 11:26:55.507] [9591] [HailoRT] [info] [hef.cpp:1994] [get_network_group_and_network_name] No name was given. Addressing all networks of default network_group: yolov11n
[2026-03-26 11:26:55.507] [9591] [HailoRT] [info] [hef.cpp:1994] [get_network_group_and_network_name] No name was given. Addressing all networks of default network_group: yolov11n
[2026-03-26 11:26:55.525] [9591] [HailoRT] [info] [internal_buffer_manager.cpp:77] [print_execution_results] Planned internal buffer memory: CMA=0 CMA-Desc=589824 Pinned=3075584. memory to edge layer usage factor is 0.90891206
[2026-03-26 11:26:55.525] [9591] [HailoRT] [info] [internal_buffer_manager.cpp:86] [print_execution_results] Default Internal buffer planner executed successfully
[2026-03-26 11:26:55.544] [9591] [HailoRT] [info] [device_internal.cpp:57] [configure] Configuring HEF took 25.102834 milliseconds
[2026-03-26 11:26:55.544] [9591] [HailoRT] [info] [vdevice.cpp:780] [configure] Configuring HEF on VDevice took 26.308697 milliseconds
[2026-03-26 11:26:55.544] [9591] [HailoRT] [info] [infer_model.cpp:417] [configure] Configuring network group 'yolov11n' with params: batch size: 2, power mode: PERFORMANCE, latency: NONE
[2026-03-26 11:26:55.544] [9591] [HailoRT] [info] [multi_io_elements.cpp:754] [create] Created (AsyncHwEl)
[2026-03-26 11:26:55.544] [9591] [HailoRT] [info] [queue_elements.cpp:450] [create] Created (EntryPushQEl0yolov11n/input_layer1 | timeout: 10s)
[2026-03-26 11:26:55.544] [9591] [HailoRT] [info] [filter_elements.cpp:101] [create] Created (PreInferEl1yolov11n/input_layer1 | Reorder - src_order: RGB4, src_shape: (640, 640, 3), dst_order: NHCW, dst_shape: (640, 640, 3))
[2026-03-26 11:26:55.544] [9591] [HailoRT] [info] [queue_elements.cpp:450] [create] Created (PushQEl1yolov11n/input_layer1 | timeout: 10s)
[2026-03-26 11:26:55.545] [9591] [HailoRT] [info] [multi_io_elements.cpp:135] [create] Created (NmsPPMuxEl0YOLOV8-Post-Process | Op YOLOV8, Name: YOLOV8-Post-Process, Score threshold: 0.300, IoU threshold: 0.45, Classes: 1, Max bboxes per class: 100, Image height: 640, Image width: 640)
[2026-03-26 11:26:55.545] [9591] [HailoRT] [info] [queue_elements.cpp:942] [create] Created (MultiPushQEl0YOLOV8-Post-Process | timeout: 10s)
[2026-03-26 11:26:55.545] [9591] [HailoRT] [info] [edge_elements.cpp:187] [create] Created (LastAsyncEl0NmsPPMuxEl0YOLOV8-Post-Process)
[2026-03-26 11:26:55.545] [9591] [HailoRT] [info] [pipeline.cpp:891] [print_deep_description] EntryPushQEl0yolov11n/input_layer1 | inputs: user | outputs: PreInferEl1yolov11n/input_layer1(running in thread_id: 9662)
[2026-03-26 11:26:55.545] [9591] [HailoRT] [info] [pipeline.cpp:891] [print_deep_description] PreInferEl1yolov11n/input_layer1 | inputs: EntryPushQEl0yolov11n/input_layer1[0] | outputs: PushQEl1yolov11n/input_layer1
[2026-03-26 11:26:55.545] [9591] [HailoRT] [info] [pipeline.cpp:891] [print_deep_description] PushQEl1yolov11n/input_layer1 | inputs: PreInferEl1yolov11n/input_layer1[0] | outputs: AsyncHwEl(running in thread_id: 9663)
[2026-03-26 11:26:55.545] [9591] [HailoRT] [info] [pipeline.cpp:891] [print_deep_description] AsyncHwEl | inputs: PushQEl1yolov11n/input_layer1[0] | outputs: MultiPushQEl0YOLOV8-Post-Process MultiPushQEl0YOLOV8-Post-Process MultiPushQEl0YOLOV8-Post-Process MultiPushQEl0YOLOV8-Post-Process MultiPushQEl0YOLOV8-Post-Process MultiPushQEl0YOLOV8-Post-Process
[2026-03-26 11:26:55.545] [9591] [HailoRT] [info] [pipeline.cpp:891] [print_deep_description] MultiPushQEl0YOLOV8-Post-Process | inputs: AsyncHwEl[0] AsyncHwEl[1] AsyncHwEl[2] AsyncHwEl[3] AsyncHwEl[4] AsyncHwEl[5] | outputs: NmsPPMuxEl0YOLOV8-Post-Process(running in thread_id: 9664)
[2026-03-26 11:26:55.545] [9591] [HailoRT] [info] [pipeline.cpp:891] [print_deep_description] NmsPPMuxEl0YOLOV8-Post-Process | inputs: MultiPushQEl0YOLOV8-Post-Process[0] | outputs: LastAsyncEl0NmsPPMuxEl0YOLOV8-Post-Process
[2026-03-26 11:26:55.545] [9591] [HailoRT] [info] [pipeline.cpp:891] [print_deep_description] LastAsyncEl0NmsPPMuxEl0YOLOV8-Post-Process | inputs: NmsPPMuxEl0YOLOV8-Post-Process[0] | outputs: user
[2026-03-26 11:26:55.826] [9652] [HailoRT] [info] [hef.cpp:1994] [get_network_group_and_network_name] No name was given. Addressing all networks of default network_group: yolov11n
[2026-03-26 11:27:51.963] [9591] [HailoRT] [info] [async_infer_runner.cpp:86] [shutdown] Pipeline was aborted. Shutting it down
[2026-03-26 11:27:51.963] [9641] [HailoRT] [info] [network_group.cpp:803] [operator()] Infer request was aborted by user
[2026-03-26 11:27:51.963] [9591] [HailoRT] [info] [queue_elements.cpp:1131] [execute_deactivate] enqueue() in element MultiPushQEl0YOLOV8-Post-Process was aborted, got status = HAILO_SHUTDOWN_EVENT_SIGNALED(57)
[2026-03-26 11:27:51.963] [9591] [HailoRT] [info] [queue_elements.cpp:1131] [execute_deactivate] enqueue() in element MultiPushQEl0YOLOV8-Post-Process was aborted, got status = HAILO_SHUTDOWN_EVENT_SIGNALED(57)
[2026-03-26 11:27:51.963] [9591] [HailoRT] [info] [queue_elements.cpp:1131] [execute_deactivate] enqueue() in element MultiPushQEl0YOLOV8-Post-Process was aborted, got status = HAILO_SHUTDOWN_EVENT_SIGNALED(57)
[2026-03-26 11:27:51.963] [9591] [HailoRT] [info] [queue_elements.cpp:1131] [execute_deactivate] enqueue() in element MultiPushQEl0YOLOV8-Post-Process was aborted, got status = HAILO_SHUTDOWN_EVENT_SIGNALED(57)
[2026-03-26 11:27:51.963] [9591] [HailoRT] [info] [queue_elements.cpp:1131] [execute_deactivate] enqueue() in element MultiPushQEl0YOLOV8-Post-Process was aborted, got status = HAILO_SHUTDOWN_EVENT_SIGNALED(57)
[2026-03-26 11:27:51.963] [9591] [HailoRT] [info] [queue_elements.cpp:1131] [execute_deactivate] enqueue() in element MultiPushQEl0YOLOV8-Post-Process was aborted, got status = HAILO_SHUTDOWN_EVENT_SIGNALED(57)
[2026-03-26 11:27:51.963] [9591] [HailoRT] [info] [queue_elements.cpp:570] [execute_deactivate] enqueue() in element PushQEl1yolov11n/input_layer1 was aborted, got status = HAILO_SHUTDOWN_EVENT_SIGNALED(57)
[2026-03-26 11:27:51.963] [9591] [HailoRT] [info] [queue_elements.cpp:570] [execute_deactivate] enqueue() in element EntryPushQEl0yolov11n/input_layer1 was aborted, got status = HAILO_SHUTDOWN_EVENT_SIGNALED(57)
[2026-03-26 11:27:51.963] [9591] [HailoRT] [info] [queue_elements.cpp:46] [~BaseQueueElement] Queue element EntryPushQEl0yolov11n/input_layer1 has 0 frames in his Queue on destruction
[2026-03-26 11:27:51.963] [9591] [HailoRT] [info] [queue_elements.cpp:46] [~BaseQueueElement] Queue element PushQEl1yolov11n/input_layer1 has 0 frames in his Queue on destruction
[2026-03-26 11:30:25.287] [10682] [HailoRT] [info] [device.cpp:51] [Device] OS Version: Linux 6.12.47+rpt-rpi-2712 #1 SMP PREEMPT Debian 1:6.12.47-1+rpt1 (2025-09-16) aarch64
[2026-03-26 11:30:25.287] [10682] [HailoRT] [info] [control.cpp:113] [control__parse_identify_results] firmware_version is: 4.23.0
[2026-03-26 11:30:25.287] [10682] [HailoRT] [info] [control.cpp:113] [control__parse_identify_results] firmware_version is: 4.23.0
[2026-03-26 11:30:25.519] [10687] [HailoRT] [info] [device.cpp:51] [Device] OS Version: Linux 6.12.47+rpt-rpi-2712 #1 SMP PREEMPT Debian 1:6.12.47-1+rpt1 (2025-09-16) aarch64
[2026-03-26 11:30:25.519] [10687] [HailoRT] [info] [control.cpp:113] [control__parse_identify_results] firmware_version is: 4.23.0
[2026-03-26 11:30:25.519] [10687] [HailoRT] [info] [control.cpp:113] [control__parse_identify_results] firmware_version is: 4.23.0
[2026-03-26 11:30:25.595] [10643] [HailoRT] [info] [vdevice.cpp:535] [create] Creating vdevice with params: device_count: 1, scheduling_algorithm: ROUND_ROBIN, multi_process_service: false
[2026-03-26 11:30:25.607] [10643] [HailoRT] [info] [device.cpp:51] [Device] OS Version: Linux 6.12.47+rpt-rpi-2712 #1 SMP PREEMPT Debian 1:6.12.47-1+rpt1 (2025-09-16) aarch64
[2026-03-26 11:30:25.607] [10643] [HailoRT] [info] [control.cpp:113] [control__parse_identify_results] firmware_version is: 4.23.0
[2026-03-26 11:30:25.607] [10643] [HailoRT] [info] [vdevice.cpp:682] [create] VDevice Infos: 0001:01:00.0
[2026-03-26 11:30:25.612] [10643] [HailoRT] [info] [hef.cpp:1994] [get_network_group_and_network_name] No name was given. Addressing all networks of default network_group: yolov11n
[2026-03-26 11:30:25.612] [10643] [HailoRT] [info] [hef.cpp:1994] [get_network_group_and_network_name] No name was given. Addressing all networks of default network_group: yolov11n
[2026-03-26 11:30:25.680] [10643] [HailoRT] [info] [internal_buffer_manager.cpp:77] [print_execution_results] Planned internal buffer memory: CMA=0 CMA-Desc=589824 Pinned=3075584. memory to edge layer usage factor is 0.90891206
[2026-03-26 11:30:25.680] [10643] [HailoRT] [info] [internal_buffer_manager.cpp:86] [print_execution_results] Default Internal buffer planner executed successfully
[2026-03-26 11:30:25.699] [10643] [HailoRT] [info] [device_internal.cpp:57] [configure] Configuring HEF took 26.528871 milliseconds
[2026-03-26 11:30:25.699] [10643] [HailoRT] [info] [vdevice.cpp:780] [configure] Configuring HEF on VDevice took 26.8548 milliseconds
[2026-03-26 11:30:25.699] [10643] [HailoRT] [info] [infer_model.cpp:417] [configure] Configuring network group 'yolov11n' with params: batch size: 2, power mode: PERFORMANCE, latency: NONE
[2026-03-26 11:30:25.699] [10643] [HailoRT] [info] [multi_io_elements.cpp:754] [create] Created (AsyncHwEl)
[2026-03-26 11:30:25.699] [10643] [HailoRT] [info] [queue_elements.cpp:450] [create] Created (EntryPushQEl0yolov11n/input_layer1 | timeout: 10s)
[2026-03-26 11:30:25.699] [10643] [HailoRT] [info] [filter_elements.cpp:101] [create] Created (PreInferEl1yolov11n/input_layer1 | Reorder - src_order: RGB4, src_shape: (640, 640, 3), dst_order: NHCW, dst_shape: (640, 640, 3))
[2026-03-26 11:30:25.700] [10643] [HailoRT] [info] [queue_elements.cpp:450] [create] Created (PushQEl1yolov11n/input_layer1 | timeout: 10s)
[2026-03-26 11:30:25.700] [10643] [HailoRT] [info] [multi_io_elements.cpp:135] [create] Created (NmsPPMuxEl0YOLOV8-Post-Process | Op YOLOV8, Name: YOLOV8-Post-Process, Score threshold: 0.300, IoU threshold: 0.45, Classes: 1, Max bboxes per class: 100, Image height: 640, Image width: 640)
[2026-03-26 11:30:25.700] [10643] [HailoRT] [info] [queue_elements.cpp:942] [create] Created (MultiPushQEl0YOLOV8-Post-Process | timeout: 10s)
[2026-03-26 11:30:25.700] [10643] [HailoRT] [info] [edge_elements.cpp:187] [create] Created (LastAsyncEl0NmsPPMuxEl0YOLOV8-Post-Process)
[2026-03-26 11:30:25.700] [10643] [HailoRT] [info] [pipeline.cpp:891] [print_deep_description] EntryPushQEl0yolov11n/input_layer1 | inputs: user | outputs: PreInferEl1yolov11n/input_layer1(running in thread_id: 10719)
[2026-03-26 11:30:25.700] [10643] [HailoRT] [info] [pipeline.cpp:891] [print_deep_description] PreInferEl1yolov11n/input_layer1 | inputs: EntryPushQEl0yolov11n/input_layer1[0] | outputs: PushQEl1yolov11n/input_layer1
[2026-03-26 11:30:25.700] [10643] [HailoRT] [info] [pipeline.cpp:891] [print_deep_description] PushQEl1yolov11n/input_layer1 | inputs: PreInferEl1yolov11n/input_layer1[0] | outputs: AsyncHwEl(running in thread_id: 10720)
[2026-03-26 11:30:25.700] [10643] [HailoRT] [info] [pipeline.cpp:891] [print_deep_description] AsyncHwEl | inputs: PushQEl1yolov11n/input_layer1[0] | outputs: MultiPushQEl0YOLOV8-Post-Process MultiPushQEl0YOLOV8-Post-Process MultiPushQEl0YOLOV8-Post-Process MultiPushQEl0YOLOV8-Post-Process MultiPushQEl0YOLOV8-Post-Process MultiPushQEl0YOLOV8-Post-Process
[2026-03-26 11:30:25.700] [10643] [HailoRT] [info] [pipeline.cpp:891] [print_deep_description] MultiPushQEl0YOLOV8-Post-Process | inputs: AsyncHwEl[0] AsyncHwEl[1] AsyncHwEl[2] AsyncHwEl[3] AsyncHwEl[4] AsyncHwEl[5] | outputs: NmsPPMuxEl0YOLOV8-Post-Process(running in thread_id: 10721)
[2026-03-26 11:30:25.700] [10643] [HailoRT] [info] [pipeline.cpp:891] [print_deep_description] NmsPPMuxEl0YOLOV8-Post-Process | inputs: MultiPushQEl0YOLOV8-Post-Process[0] | outputs: LastAsyncEl0NmsPPMuxEl0YOLOV8-Post-Process
[2026-03-26 11:30:25.700] [10643] [HailoRT] [info] [pipeline.cpp:891] [print_deep_description] LastAsyncEl0NmsPPMuxEl0YOLOV8-Post-Process | inputs: NmsPPMuxEl0YOLOV8-Post-Process[0] | outputs: user
[2026-03-26 11:30:25.983] [10709] [HailoRT] [info] [hef.cpp:1994] [get_network_group_and_network_name] No name was given. Addressing all networks of default network_group: yolov11n
[2026-03-26 11:34:04.353] [10643] [HailoRT] [info] [async_infer_runner.cpp:86] [shutdown] Pipeline was aborted. Shutting it down
[2026-03-26 11:34:04.353] [10643] [HailoRT] [info] [queue_elements.cpp:1131] [execute_deactivate] enqueue() in element MultiPushQEl0YOLOV8-Post-Process was aborted, got status = HAILO_SHUTDOWN_EVENT_SIGNALED(57)
[2026-03-26 11:34:04.353] [10643] [HailoRT] [info] [queue_elements.cpp:1131] [execute_deactivate] enqueue() in element MultiPushQEl0YOLOV8-Post-Process was aborted, got status = HAILO_SHUTDOWN_EVENT_SIGNALED(57)
[2026-03-26 11:34:04.353] [10643] [HailoRT] [info] [queue_elements.cpp:1131] [execute_deactivate] enqueue() in element MultiPushQEl0YOLOV8-Post-Process was aborted, got status = HAILO_SHUTDOWN_EVENT_SIGNALED(57)
[2026-03-26 11:34:04.353] [10643] [HailoRT] [info] [queue_elements.cpp:1131] [execute_deactivate] enqueue() in element MultiPushQEl0YOLOV8-Post-Process was aborted, got status = HAILO_SHUTDOWN_EVENT_SIGNALED(57)
[2026-03-26 11:34:04.353] [10643] [HailoRT] [info] [queue_elements.cpp:1131] [execute_deactivate] enqueue() in element MultiPushQEl0YOLOV8-Post-Process was aborted, got status = HAILO_SHUTDOWN_EVENT_SIGNALED(57)
[2026-03-26 11:34:04.353] [10643] [HailoRT] [info] [queue_elements.cpp:1131] [execute_deactivate] enqueue() in element MultiPushQEl0YOLOV8-Post-Process was aborted, got status = HAILO_SHUTDOWN_EVENT_SIGNALED(57)
[2026-03-26 11:34:04.353] [10643] [HailoRT] [info] [queue_elements.cpp:570] [execute_deactivate] enqueue() in element PushQEl1yolov11n/input_layer1 was aborted, got status = HAILO_SHUTDOWN_EVENT_SIGNALED(57)
[2026-03-26 11:34:04.353] [10643] [HailoRT] [info] [queue_elements.cpp:570] [execute_deactivate] enqueue() in element EntryPushQEl0yolov11n/input_layer1 was aborted, got status = HAILO_SHUTDOWN_EVENT_SIGNALED(57)
[2026-03-26 11:34:04.353] [10643] [HailoRT] [info] [queue_elements.cpp:46] [~BaseQueueElement] Queue element EntryPushQEl0yolov11n/input_layer1 has 0 frames in his Queue on destruction
[2026-03-26 11:34:04.353] [10643] [HailoRT] [info] [queue_elements.cpp:46] [~BaseQueueElement] Queue element PushQEl1yolov11n/input_layer1 has 0 frames in his Queue on destruction
[2026-03-26 11:37:08.211] [12408] [HailoRT] [info] [device.cpp:51] [Device] OS Version: Linux 6.12.47+rpt-rpi-2712 #1 SMP PREEMPT Debian 1:6.12.47-1+rpt1 (2025-09-16) aarch64
[2026-03-26 11:37:08.211] [12408] [HailoRT] [info] [control.cpp:113] [control__parse_identify_results] firmware_version is: 4.23.0
[2026-03-26 11:37:08.211] [12408] [HailoRT] [info] [control.cpp:113] [control__parse_identify_results] firmware_version is: 4.23.0
[2026-03-26 11:37:08.451] [12419] [HailoRT] [info] [device.cpp:51] [Device] OS Version: Linux 6.12.47+rpt-rpi-2712 #1 SMP PREEMPT Debian 1:6.12.47-1+rpt1 (2025-09-16) aarch64
[2026-03-26 11:37:08.451] [12419] [HailoRT] [info] [control.cpp:113] [control__parse_identify_results] firmware_version is: 4.23.0
[2026-03-26 11:37:08.451] [12419] [HailoRT] [info] [control.cpp:113] [control__parse_identify_results] firmware_version is: 4.23.0
[2026-03-26 11:37:08.523] [12361] [HailoRT] [info] [vdevice.cpp:535] [create] Creating vdevice with params: device_count: 1, scheduling_algorithm: ROUND_ROBIN, multi_process_service: false
[2026-03-26 11:37:08.535] [12361] [HailoRT] [info] [device.cpp:51] [Device] OS Version: Linux 6.12.47+rpt-rpi-2712 #1 SMP PREEMPT Debian 1:6.12.47-1+rpt1 (2025-09-16) aarch64
[2026-03-26 11:37:08.535] [12361] [HailoRT] [info] [control.cpp:113] [control__parse_identify_results] firmware_version is: 4.23.0
[2026-03-26 11:37:08.535] [12361] [HailoRT] [info] [vdevice.cpp:682] [create] VDevice Infos: 0001:01:00.0
[2026-03-26 11:37:08.540] [12361] [HailoRT] [info] [hef.cpp:1994] [get_network_group_and_network_name] No name was given. Addressing all networks of default network_group: yolov11n
[2026-03-26 11:37:08.540] [12361] [HailoRT] [info] [hef.cpp:1994] [get_network_group_and_network_name] No name was given. Addressing all networks of default network_group: yolov11n
[2026-03-26 11:37:08.607] [12361] [HailoRT] [info] [internal_buffer_manager.cpp:77] [print_execution_results] Planned internal buffer memory: CMA=0 CMA-Desc=589824 Pinned=3075584. memory to edge layer usage factor is 0.90891206
[2026-03-26 11:37:08.607] [12361] [HailoRT] [info] [internal_buffer_manager.cpp:86] [print_execution_results] Default Internal buffer planner executed successfully
[2026-03-26 11:37:08.629] [12361] [HailoRT] [info] [device_internal.cpp:57] [configure] Configuring HEF took 28.18094 milliseconds
[2026-03-26 11:37:08.629] [12361] [HailoRT] [info] [vdevice.cpp:780] [configure] Configuring HEF on VDevice took 29.610065 milliseconds
[2026-03-26 11:37:08.629] [12361] [HailoRT] [info] [infer_model.cpp:417] [configure] Configuring network group 'yolov11n' with params: batch size: 2, power mode: PERFORMANCE, latency: NONE
[2026-03-26 11:37:08.629] [12361] [HailoRT] [info] [multi_io_elements.cpp:754] [create] Created (AsyncHwEl)
[2026-03-26 11:37:08.629] [12361] [HailoRT] [info] [queue_elements.cpp:450] [create] Created (EntryPushQEl0yolov11n/input_layer1 | timeout: 10s)
[2026-03-26 11:37:08.629] [12361] [HailoRT] [info] [filter_elements.cpp:101] [create] Created (PreInferEl1yolov11n/input_layer1 | Reorder - src_order: RGB4, src_shape: (640, 640, 3), dst_order: NHCW, dst_shape: (640, 640, 3))
[2026-03-26 11:37:08.629] [12361] [HailoRT] [info] [queue_elements.cpp:450] [create] Created (PushQEl1yolov11n/input_layer1 | timeout: 10s)
[2026-03-26 11:37:08.630] [12361] [HailoRT] [info] [multi_io_elements.cpp:135] [create] Created (NmsPPMuxEl0YOLOV8-Post-Process | Op YOLOV8, Name: YOLOV8-Post-Process, Score threshold: 0.300, IoU threshold: 0.45, Classes: 1, Max bboxes per class: 100, Image height: 640, Image width: 640)
[2026-03-26 11:37:08.630] [12361] [HailoRT] [info] [queue_elements.cpp:942] [create] Created (MultiPushQEl0YOLOV8-Post-Process | timeout: 10s)
[2026-03-26 11:37:08.630] [12361] [HailoRT] [info] [edge_elements.cpp:187] [create] Created (LastAsyncEl0NmsPPMuxEl0YOLOV8-Post-Process)
[2026-03-26 11:37:08.630] [12361] [HailoRT] [info] [pipeline.cpp:891] [print_deep_description] EntryPushQEl0yolov11n/input_layer1 | inputs: user | outputs: PreInferEl1yolov11n/input_layer1(running in thread_id: 12451)
[2026-03-26 11:37:08.630] [12361] [HailoRT] [info] [pipeline.cpp:891] [print_deep_description] PreInferEl1yolov11n/input_layer1 | inputs: EntryPushQEl0yolov11n/input_layer1[0] | outputs: PushQEl1yolov11n/input_layer1
[2026-03-26 11:37:08.630] [12361] [HailoRT] [info] [pipeline.cpp:891] [print_deep_description] PushQEl1yolov11n/input_layer1 | inputs: PreInferEl1yolov11n/input_layer1[0] | outputs: AsyncHwEl(running in thread_id: 12452)
[2026-03-26 11:37:08.630] [12361] [HailoRT] [info] [pipeline.cpp:891] [print_deep_description] AsyncHwEl | inputs: PushQEl1yolov11n/input_layer1[0] | outputs: MultiPushQEl0YOLOV8-Post-Process MultiPushQEl0YOLOV8-Post-Process MultiPushQEl0YOLOV8-Post-Process MultiPushQEl0YOLOV8-Post-Process MultiPushQEl0YOLOV8-Post-Process MultiPushQEl0YOLOV8-Post-Process
[2026-03-26 11:37:08.630] [12361] [HailoRT] [info] [pipeline.cpp:891] [print_deep_description] MultiPushQEl0YOLOV8-Post-Process | inputs: AsyncHwEl[0] AsyncHwEl[1] AsyncHwEl[2] AsyncHwEl[3] AsyncHwEl[4] AsyncHwEl[5] | outputs: NmsPPMuxEl0YOLOV8-Post-Process(running in thread_id: 12453)
[2026-03-26 11:37:08.630] [12361] [HailoRT] [info] [pipeline.cpp:891] [print_deep_description] NmsPPMuxEl0YOLOV8-Post-Process | inputs: MultiPushQEl0YOLOV8-Post-Process[0] | outputs: LastAsyncEl0NmsPPMuxEl0YOLOV8-Post-Process
[2026-03-26 11:37:08.630] [12361] [HailoRT] [info] [pipeline.cpp:891] [print_deep_description] LastAsyncEl0NmsPPMuxEl0YOLOV8-Post-Process | inputs: NmsPPMuxEl0YOLOV8-Post-Process[0] | outputs: user
[2026-03-26 11:37:08.920] [12441] [HailoRT] [info] [hef.cpp:1994] [get_network_group_and_network_name] No name was given. Addressing all networks of default network_group: yolov11n
[2026-03-26 11:37:52.802] [12361] [HailoRT] [info] [async_infer_runner.cpp:86] [shutdown] Pipeline was aborted. Shutting it down
[2026-03-26 11:37:52.802] [12361] [HailoRT] [info] [queue_elements.cpp:1131] [execute_deactivate] enqueue() in element MultiPushQEl0YOLOV8-Post-Process was aborted, got status = HAILO_SHUTDOWN_EVENT_SIGNALED(57)
[2026-03-26 11:37:52.802] [12361] [HailoRT] [info] [queue_elements.cpp:1131] [execute_deactivate] enqueue() in element MultiPushQEl0YOLOV8-Post-Process was aborted, got status = HAILO_SHUTDOWN_EVENT_SIGNALED(57)
[2026-03-26 11:37:52.802] [12361] [HailoRT] [info] [queue_elements.cpp:1131] [execute_deactivate] enqueue() in element MultiPushQEl0YOLOV8-Post-Process was aborted, got status = HAILO_SHUTDOWN_EVENT_SIGNALED(57)
[2026-03-26 11:37:52.802] [12361] [HailoRT] [info] [queue_elements.cpp:1131] [execute_deactivate] enqueue() in element MultiPushQEl0YOLOV8-Post-Process was aborted, got status = HAILO_SHUTDOWN_EVENT_SIGNALED(57)
[2026-03-26 11:37:52.802] [12361] [HailoRT] [info] [queue_elements.cpp:1131] [execute_deactivate] enqueue() in element MultiPushQEl0YOLOV8-Post-Process was aborted, got status = HAILO_SHUTDOWN_EVENT_SIGNALED(57)
[2026-03-26 11:37:52.802] [12361] [HailoRT] [info] [queue_elements.cpp:1131] [execute_deactivate] enqueue() in element MultiPushQEl0YOLOV8-Post-Process was aborted, got status = HAILO_SHUTDOWN_EVENT_SIGNALED(57)
[2026-03-26 11:37:52.802] [12361] [HailoRT] [info] [queue_elements.cpp:570] [execute_deactivate] enqueue() in element PushQEl1yolov11n/input_layer1 was aborted, got status = HAILO_SHUTDOWN_EVENT_SIGNALED(57)
[2026-03-26 11:37:52.802] [12361] [HailoRT] [info] [queue_elements.cpp:570] [execute_deactivate] enqueue() in element EntryPushQEl0yolov11n/input_layer1 was aborted, got status = HAILO_SHUTDOWN_EVENT_SIGNALED(57)
[2026-03-26 11:37:52.802] [12361] [HailoRT] [info] [queue_elements.cpp:46] [~BaseQueueElement] Queue element EntryPushQEl0yolov11n/input_layer1 has 0 frames in his Queue on destruction
[2026-03-26 11:37:52.802] [12361] [HailoRT] [info] [queue_elements.cpp:46] [~BaseQueueElement] Queue element PushQEl1yolov11n/input_layer1 has 0 frames in his Queue on destruction
[2026-03-26 11:40:25.419] [13259] [HailoRT] [info] [device.cpp:51] [Device] OS Version: Linux 6.12.47+rpt-rpi-2712 #1 SMP PREEMPT Debian 1:6.12.47-1+rpt1 (2025-09-16) aarch64
[2026-03-26 11:40:25.419] [13259] [HailoRT] [info] [control.cpp:113] [control__parse_identify_results] firmware_version is: 4.23.0
[2026-03-26 11:40:25.419] [13259] [HailoRT] [info] [control.cpp:113] [control__parse_identify_results] firmware_version is: 4.23.0
[2026-03-26 11:40:25.649] [13264] [HailoRT] [info] [device.cpp:51] [Device] OS Version: Linux 6.12.47+rpt-rpi-2712 #1 SMP PREEMPT Debian 1:6.12.47-1+rpt1 (2025-09-16) aarch64
[2026-03-26 11:40:25.650] [13264] [HailoRT] [info] [control.cpp:113] [control__parse_identify_results] firmware_version is: 4.23.0
[2026-03-26 11:40:25.650] [13264] [HailoRT] [info] [control.cpp:113] [control__parse_identify_results] firmware_version is: 4.23.0
[2026-03-26 11:40:25.727] [13213] [HailoRT] [info] [vdevice.cpp:535] [create] Creating vdevice with params: device_count: 1, scheduling_algorithm: ROUND_ROBIN, multi_process_service: false
[2026-03-26 11:40:25.739] [13213] [HailoRT] [info] [device.cpp:51] [Device] OS Version: Linux 6.12.47+rpt-rpi-2712 #1 SMP PREEMPT Debian 1:6.12.47-1+rpt1 (2025-09-16) aarch64
[2026-03-26 11:40:25.739] [13213] [HailoRT] [info] [control.cpp:113] [control__parse_identify_results] firmware_version is: 4.23.0
[2026-03-26 11:40:25.739] [13213] [HailoRT] [info] [vdevice.cpp:682] [create] VDevice Infos: 0001:01:00.0
[2026-03-26 11:40:25.744] [13213] [HailoRT] [info] [hef.cpp:1994] [get_network_group_and_network_name] No name was given. Addressing all networks of default network_group: yolov11n
[2026-03-26 11:40:25.744] [13213] [HailoRT] [info] [hef.cpp:1994] [get_network_group_and_network_name] No name was given. Addressing all networks of default network_group: yolov11n
[2026-03-26 11:40:25.811] [13213] [HailoRT] [info] [internal_buffer_manager.cpp:77] [print_execution_results] Planned internal buffer memory: CMA=0 CMA-Desc=589824 Pinned=3075584. memory to edge layer usage factor is 0.90891206
[2026-03-26 11:40:25.811] [13213] [HailoRT] [info] [internal_buffer_manager.cpp:86] [print_execution_results] Default Internal buffer planner executed successfully
[2026-03-26 11:40:25.832] [13213] [HailoRT] [info] [device_internal.cpp:57] [configure] Configuring HEF took 26.654518 milliseconds
[2026-03-26 11:40:25.832] [13213] [HailoRT] [info] [vdevice.cpp:780] [configure] Configuring HEF on VDevice took 28.106643 milliseconds
[2026-03-26 11:40:25.832] [13213] [HailoRT] [info] [infer_model.cpp:417] [configure] Configuring network group 'yolov11n' with params: batch size: 2, power mode: PERFORMANCE, latency: NONE
[2026-03-26 11:40:25.832] [13213] [HailoRT] [info] [multi_io_elements.cpp:754] [create] Created (AsyncHwEl)
[2026-03-26 11:40:25.832] [13213] [HailoRT] [info] [queue_elements.cpp:450] [create] Created (EntryPushQEl0yolov11n/input_layer1 | timeout: 10s)
[2026-03-26 11:40:25.832] [13213] [HailoRT] [info] [filter_elements.cpp:101] [create] Created (PreInferEl1yolov11n/input_layer1 | Reorder - src_order: RGB4, src_shape: (640, 640, 3), dst_order: NHCW, dst_shape: (640, 640, 3))
[2026-03-26 11:40:25.832] [13213] [HailoRT] [info] [queue_elements.cpp:450] [create] Created (PushQEl1yolov11n/input_layer1 | timeout: 10s)
[2026-03-26 11:40:25.832] [13213] [HailoRT] [info] [multi_io_elements.cpp:135] [create] Created (NmsPPMuxEl0YOLOV8-Post-Process | Op YOLOV8, Name: YOLOV8-Post-Process, Score threshold: 0.300, IoU threshold: 0.45, Classes: 1, Max bboxes per class: 100, Image height: 640, Image width: 640)
[2026-03-26 11:40:25.833] [13213] [HailoRT] [info] [queue_elements.cpp:942] [create] Created (MultiPushQEl0YOLOV8-Post-Process | timeout: 10s)
[2026-03-26 11:40:25.833] [13213] [HailoRT] [info] [edge_elements.cpp:187] [create] Created (LastAsyncEl0NmsPPMuxEl0YOLOV8-Post-Process)
[2026-03-26 11:40:25.833] [13213] [HailoRT] [info] [pipeline.cpp:891] [print_deep_description] EntryPushQEl0yolov11n/input_layer1 | inputs: user | outputs: PreInferEl1yolov11n/input_layer1(running in thread_id: 13302)
[2026-03-26 11:40:25.833] [13213] [HailoRT] [info] [pipeline.cpp:891] [print_deep_description] PreInferEl1yolov11n/input_layer1 | inputs: EntryPushQEl0yolov11n/input_layer1[0] | outputs: PushQEl1yolov11n/input_layer1
[2026-03-26 11:40:25.833] [13213] [HailoRT] [info] [pipeline.cpp:891] [print_deep_description] PushQEl1yolov11n/input_layer1 | inputs: PreInferEl1yolov11n/input_layer1[0] | outputs: AsyncHwEl(running in thread_id: 13303)
[2026-03-26 11:40:25.833] [13213] [HailoRT] [info] [pipeline.cpp:891] [print_deep_description] AsyncHwEl | inputs: PushQEl1yolov11n/input_layer1[0] | outputs: MultiPushQEl0YOLOV8-Post-Process MultiPushQEl0YOLOV8-Post-Process MultiPushQEl0YOLOV8-Post-Process MultiPushQEl0YOLOV8-Post-Process MultiPushQEl0YOLOV8-Post-Process MultiPushQEl0YOLOV8-Post-Process
[2026-03-26 11:40:25.833] [13213] [HailoRT] [info] [pipeline.cpp:891] [print_deep_description] MultiPushQEl0YOLOV8-Post-Process | inputs: AsyncHwEl[0] AsyncHwEl[1] AsyncHwEl[2] AsyncHwEl[3] AsyncHwEl[4] AsyncHwEl[5] | outputs: NmsPPMuxEl0YOLOV8-Post-Process(running in thread_id: 13304)
[2026-03-26 11:40:25.833] [13213] [HailoRT] [info] [pipeline.cpp:891] [print_deep_description] NmsPPMuxEl0YOLOV8-Post-Process | inputs: MultiPushQEl0YOLOV8-Post-Process[0] | outputs: LastAsyncEl0NmsPPMuxEl0YOLOV8-Post-Process
[2026-03-26 11:40:25.833] [13213] [HailoRT] [info] [pipeline.cpp:891] [print_deep_description] LastAsyncEl0NmsPPMuxEl0YOLOV8-Post-Process | inputs: NmsPPMuxEl0YOLOV8-Post-Process[0] | outputs: user
[2026-03-26 11:40:26.105] [13292] [HailoRT] [info] [hef.cpp:1994] [get_network_group_and_network_name] No name was given. Addressing all networks of default network_group: yolov11n
[2026-03-26 11:40:54.803] [13213] [HailoRT] [info] [async_infer_runner.cpp:86] [shutdown] Pipeline was aborted. Shutting it down
[2026-03-26 11:40:54.808] [13276] [HailoRT] [info] [network_group.cpp:803] [operator()] Infer request was aborted by user
[2026-03-26 11:40:54.808] [13213] [HailoRT] [info] [queue_elements.cpp:1131] [execute_deactivate] enqueue() in element MultiPushQEl0YOLOV8-Post-Process was aborted, got status = HAILO_SHUTDOWN_EVENT_SIGNALED(57)
[2026-03-26 11:40:54.808] [13213] [HailoRT] [info] [queue_elements.cpp:1131] [execute_deactivate] enqueue() in element MultiPushQEl0YOLOV8-Post-Process was aborted, got status = HAILO_SHUTDOWN_EVENT_SIGNALED(57)
[2026-03-26 11:40:54.808] [13213] [HailoRT] [info] [queue_elements.cpp:1131] [execute_deactivate] enqueue() in element MultiPushQEl0YOLOV8-Post-Process was aborted, got status = HAILO_SHUTDOWN_EVENT_SIGNALED(57)
[2026-03-26 11:40:54.808] [13213] [HailoRT] [info] [queue_elements.cpp:1131] [execute_deactivate] enqueue() in element MultiPushQEl0YOLOV8-Post-Process was aborted, got status = HAILO_SHUTDOWN_EVENT_SIGNALED(57)
[2026-03-26 11:40:54.808] [13213] [HailoRT] [info] [queue_elements.cpp:1131] [execute_deactivate] enqueue() in element MultiPushQEl0YOLOV8-Post-Process was aborted, got status = HAILO_SHUTDOWN_EVENT_SIGNALED(57)
[2026-03-26 11:40:54.808] [13213] [HailoRT] [info] [queue_elements.cpp:1131] [execute_deactivate] enqueue() in element MultiPushQEl0YOLOV8-Post-Process was aborted, got status = HAILO_SHUTDOWN_EVENT_SIGNALED(57)
[2026-03-26 11:40:54.808] [13213] [HailoRT] [info] [queue_elements.cpp:570] [execute_deactivate] enqueue() in element PushQEl1yolov11n/input_layer1 was aborted, got status = HAILO_SHUTDOWN_EVENT_SIGNALED(57)
[2026-03-26 11:40:54.808] [13213] [HailoRT] [info] [queue_elements.cpp:570] [execute_deactivate] enqueue() in element EntryPushQEl0yolov11n/input_layer1 was aborted, got status = HAILO_SHUTDOWN_EVENT_SIGNALED(57)
[2026-03-26 11:40:54.808] [13213] [HailoRT] [info] [queue_elements.cpp:46] [~BaseQueueElement] Queue element EntryPushQEl0yolov11n/input_layer1 has 0 frames in his Queue on destruction
[2026-03-26 11:40:54.808] [13213] [HailoRT] [info] [queue_elements.cpp:46] [~BaseQueueElement] Queue element PushQEl1yolov11n/input_layer1 has 0 frames in his Queue on destruction
[2026-03-26 11:40:59.367] [13495] [HailoRT] [info] [device.cpp:51] [Device] OS Version: Linux 6.12.47+rpt-rpi-2712 #1 SMP PREEMPT Debian 1:6.12.47-1+rpt1 (2025-09-16) aarch64
[2026-03-26 11:40:59.367] [13495] [HailoRT] [info] [control.cpp:113] [control__parse_identify_results] firmware_version is: 4.23.0
[2026-03-26 11:40:59.367] [13495] [HailoRT] [info] [control.cpp:113] [control__parse_identify_results] firmware_version is: 4.23.0
[2026-03-26 11:40:59.595] [13500] [HailoRT] [info] [device.cpp:51] [Device] OS Version: Linux 6.12.47+rpt-rpi-2712 #1 SMP PREEMPT Debian 1:6.12.47-1+rpt1 (2025-09-16) aarch64
[2026-03-26 11:40:59.595] [13500] [HailoRT] [info] [control.cpp:113] [control__parse_identify_results] firmware_version is: 4.23.0
[2026-03-26 11:40:59.595] [13500] [HailoRT] [info] [control.cpp:113] [control__parse_identify_results] firmware_version is: 4.23.0
[2026-03-26 11:40:59.678] [13455] [HailoRT] [info] [vdevice.cpp:535] [create] Creating vdevice with params: device_count: 1, scheduling_algorithm: ROUND_ROBIN, multi_process_service: false
[2026-03-26 11:40:59.691] [13455] [HailoRT] [info] [device.cpp:51] [Device] OS Version: Linux 6.12.47+rpt-rpi-2712 #1 SMP PREEMPT Debian 1:6.12.47-1+rpt1 (2025-09-16) aarch64
[2026-03-26 11:40:59.691] [13455] [HailoRT] [info] [control.cpp:113] [control__parse_identify_results] firmware_version is: 4.23.0
[2026-03-26 11:40:59.691] [13455] [HailoRT] [info] [vdevice.cpp:682] [create] VDevice Infos: 0001:01:00.0
[2026-03-26 11:40:59.696] [13455] [HailoRT] [info] [hef.cpp:1994] [get_network_group_and_network_name] No name was given. Addressing all networks of default network_group: yolov11n
[2026-03-26 11:40:59.696] [13455] [HailoRT] [info] [hef.cpp:1994] [get_network_group_and_network_name] No name was given. Addressing all networks of default network_group: yolov11n
[2026-03-26 11:40:59.762] [13455] [HailoRT] [info] [internal_buffer_manager.cpp:77] [print_execution_results] Planned internal buffer memory: CMA=0 CMA-Desc=589824 Pinned=3075584. memory to edge layer usage factor is 0.90891206
[2026-03-26 11:40:59.762] [13455] [HailoRT] [info] [internal_buffer_manager.cpp:86] [print_execution_results] Default Internal buffer planner executed successfully
[2026-03-26 11:40:59.781] [13455] [HailoRT] [info] [device_internal.cpp:57] [configure] Configuring HEF took 26.766463 milliseconds
[2026-03-26 11:40:59.781] [13455] [HailoRT] [info] [vdevice.cpp:780] [configure] Configuring HEF on VDevice took 27.081911 milliseconds
[2026-03-26 11:40:59.781] [13455] [HailoRT] [info] [infer_model.cpp:417] [configure] Configuring network group 'yolov11n' with params: batch size: 2, power mode: PERFORMANCE, latency: NONE
[2026-03-26 11:40:59.781] [13455] [HailoRT] [info] [multi_io_elements.cpp:754] [create] Created (AsyncHwEl)
[2026-03-26 11:40:59.782] [13455] [HailoRT] [info] [queue_elements.cpp:450] [create] Created (EntryPushQEl0yolov11n/input_layer1 | timeout: 10s)
[2026-03-26 11:40:59.782] [13455] [HailoRT] [info] [filter_elements.cpp:101] [create] Created (PreInferEl1yolov11n/input_layer1 | Reorder - src_order: RGB4, src_shape: (640, 640, 3), dst_order: NHCW, dst_shape: (640, 640, 3))
[2026-03-26 11:40:59.782] [13455] [HailoRT] [info] [queue_elements.cpp:450] [create] Created (PushQEl1yolov11n/input_layer1 | timeout: 10s)
[2026-03-26 11:40:59.782] [13455] [HailoRT] [info] [multi_io_elements.cpp:135] [create] Created (NmsPPMuxEl0YOLOV8-Post-Process | Op YOLOV8, Name: YOLOV8-Post-Process, Score threshold: 0.300, IoU threshold: 0.45, Classes: 1, Max bboxes per class: 100, Image height: 640, Image width: 640)
[2026-03-26 11:40:59.782] [13455] [HailoRT] [info] [queue_elements.cpp:942] [create] Created (MultiPushQEl0YOLOV8-Post-Process | timeout: 10s)
[2026-03-26 11:40:59.782] [13455] [HailoRT] [info] [edge_elements.cpp:187] [create] Created (LastAsyncEl0NmsPPMuxEl0YOLOV8-Post-Process)
[2026-03-26 11:40:59.782] [13455] [HailoRT] [info] [pipeline.cpp:891] [print_deep_description] EntryPushQEl0yolov11n/input_layer1 | inputs: user | outputs: PreInferEl1yolov11n/input_layer1(running in thread_id: 13532)
[2026-03-26 11:40:59.782] [13455] [HailoRT] [info] [pipeline.cpp:891] [print_deep_description] PreInferEl1yolov11n/input_layer1 | inputs: EntryPushQEl0yolov11n/input_layer1[0] | outputs: PushQEl1yolov11n/input_layer1
[2026-03-26 11:40:59.782] [13455] [HailoRT] [info] [pipeline.cpp:891] [print_deep_description] PushQEl1yolov11n/input_layer1 | inputs: PreInferEl1yolov11n/input_layer1[0] | outputs: AsyncHwEl(running in thread_id: 13533)
[2026-03-26 11:40:59.782] [13455] [HailoRT] [info] [pipeline.cpp:891] [print_deep_description] AsyncHwEl | inputs: PushQEl1yolov11n/input_layer1[0] | outputs: MultiPushQEl0YOLOV8-Post-Process MultiPushQEl0YOLOV8-Post-Process MultiPushQEl0YOLOV8-Post-Process MultiPushQEl0YOLOV8-Post-Process MultiPushQEl0YOLOV8-Post-Process MultiPushQEl0YOLOV8-Post-Process
[2026-03-26 11:40:59.782] [13455] [HailoRT] [info] [pipeline.cpp:891] [print_deep_description] MultiPushQEl0YOLOV8-Post-Process | inputs: AsyncHwEl[0] AsyncHwEl[1] AsyncHwEl[2] AsyncHwEl[3] AsyncHwEl[4] AsyncHwEl[5] | outputs: NmsPPMuxEl0YOLOV8-Post-Process(running in thread_id: 13534)
[2026-03-26 11:40:59.782] [13455] [HailoRT] [info] [pipeline.cpp:891] [print_deep_description] NmsPPMuxEl0YOLOV8-Post-Process | inputs: MultiPushQEl0YOLOV8-Post-Process[0] | outputs: LastAsyncEl0NmsPPMuxEl0YOLOV8-Post-Process
[2026-03-26 11:40:59.782] [13455] [HailoRT] [info] [pipeline.cpp:891] [print_deep_description] LastAsyncEl0NmsPPMuxEl0YOLOV8-Post-Process | inputs: NmsPPMuxEl0YOLOV8-Post-Process[0] | outputs: user
[2026-03-26 11:41:00.064] [13522] [HailoRT] [info] [hef.cpp:1994] [get_network_group_and_network_name] No name was given. Addressing all networks of default network_group: yolov11n
[2026-03-26 11:41:02.707] [13455] [HailoRT] [info] [async_infer_runner.cpp:86] [shutdown] Pipeline was aborted. Shutting it down
[2026-03-26 11:41:02.713] [13506] [HailoRT] [info] [network_group.cpp:803] [operator()] Infer request was aborted by user
[2026-03-26 11:41:02.713] [13455] [HailoRT] [info] [queue_elements.cpp:1131] [execute_deactivate] enqueue() in element MultiPushQEl0YOLOV8-Post-Process was aborted, got status = HAILO_SHUTDOWN_EVENT_SIGNALED(57)
[2026-03-26 11:41:02.713] [13455] [HailoRT] [info] [queue_elements.cpp:1131] [execute_deactivate] enqueue() in element MultiPushQEl0YOLOV8-Post-Process was aborted, got status = HAILO_SHUTDOWN_EVENT_SIGNALED(57)
[2026-03-26 11:41:02.713] [13455] [HailoRT] [info] [queue_elements.cpp:1131] [execute_deactivate] enqueue() in element MultiPushQEl0YOLOV8-Post-Process was aborted, got status = HAILO_SHUTDOWN_EVENT_SIGNALED(57)
[2026-03-26 11:41:02.713] [13455] [HailoRT] [info] [queue_elements.cpp:1131] [execute_deactivate] enqueue() in element MultiPushQEl0YOLOV8-Post-Process was aborted, got status = HAILO_SHUTDOWN_EVENT_SIGNALED(57)
[2026-03-26 11:41:02.713] [13455] [HailoRT] [info] [queue_elements.cpp:1131] [execute_deactivate] enqueue() in element MultiPushQEl0YOLOV8-Post-Process was aborted, got status = HAILO_SHUTDOWN_EVENT_SIGNALED(57)
[2026-03-26 11:41:02.713] [13455] [HailoRT] [info] [queue_elements.cpp:1131] [execute_deactivate] enqueue() in element MultiPushQEl0YOLOV8-Post-Process was aborted, got status = HAILO_SHUTDOWN_EVENT_SIGNALED(57)
[2026-03-26 11:41:02.713] [13455] [HailoRT] [info] [queue_elements.cpp:570] [execute_deactivate] enqueue() in element PushQEl1yolov11n/input_layer1 was aborted, got status = HAILO_SHUTDOWN_EVENT_SIGNALED(57)
[2026-03-26 11:41:02.713] [13455] [HailoRT] [info] [queue_elements.cpp:570] [execute_deactivate] enqueue() in element EntryPushQEl0yolov11n/input_layer1 was aborted, got status = HAILO_SHUTDOWN_EVENT_SIGNALED(57)
[2026-03-26 11:41:02.713] [13455] [HailoRT] [info] [queue_elements.cpp:46] [~BaseQueueElement] Queue element EntryPushQEl0yolov11n/input_layer1 has 0 frames in his Queue on destruction
[2026-03-26 11:41:02.713] [13455] [HailoRT] [info] [queue_elements.cpp:46] [~BaseQueueElement] Queue element PushQEl1yolov11n/input_layer1 has 0 frames in his Queue on destruction
[2026-03-26 11:41:43.707] [13759] [HailoRT] [info] [device.cpp:51] [Device] OS Version: Linux 6.12.47+rpt-rpi-2712 #1 SMP PREEMPT Debian 1:6.12.47-1+rpt1 (2025-09-16) aarch64
[2026-03-26 11:41:43.707] [13759] [HailoRT] [info] [control.cpp:113] [control__parse_identify_results] firmware_version is: 4.23.0
[2026-03-26 11:41:43.707] [13759] [HailoRT] [info] [control.cpp:113] [control__parse_identify_results] firmware_version is: 4.23.0
[2026-03-26 11:41:43.979] [13764] [HailoRT] [info] [device.cpp:51] [Device] OS Version: Linux 6.12.47+rpt-rpi-2712 #1 SMP PREEMPT Debian 1:6.12.47-1+rpt1 (2025-09-16) aarch64
[2026-03-26 11:41:43.979] [13764] [HailoRT] [info] [control.cpp:113] [control__parse_identify_results] firmware_version is: 4.23.0
[2026-03-26 11:41:43.979] [13764] [HailoRT] [info] [control.cpp:113] [control__parse_identify_results] firmware_version is: 4.23.0
[2026-03-26 11:41:44.070] [13721] [HailoRT] [info] [vdevice.cpp:535] [create] Creating vdevice with params: device_count: 1, scheduling_algorithm: ROUND_ROBIN, multi_process_service: false
[2026-03-26 11:41:44.082] [13721] [HailoRT] [info] [device.cpp:51] [Device] OS Version: Linux 6.12.47+rpt-rpi-2712 #1 SMP PREEMPT Debian 1:6.12.47-1+rpt1 (2025-09-16) aarch64
[2026-03-26 11:41:44.082] [13721] [HailoRT] [info] [control.cpp:113] [control__parse_identify_results] firmware_version is: 4.23.0
[2026-03-26 11:41:44.082] [13721] [HailoRT] [info] [vdevice.cpp:682] [create] VDevice Infos: 0001:01:00.0
[2026-03-26 11:41:44.087] [13721] [HailoRT] [info] [hef.cpp:1994] [get_network_group_and_network_name] No name was given. Addressing all networks of default network_group: yolov11n
[2026-03-26 11:41:44.087] [13721] [HailoRT] [info] [hef.cpp:1994] [get_network_group_and_network_name] No name was given. Addressing all networks of default network_group: yolov11n
[2026-03-26 11:41:44.156] [13721] [HailoRT] [info] [internal_buffer_manager.cpp:77] [print_execution_results] Planned internal buffer memory: CMA=0 CMA-Desc=589824 Pinned=3075584. memory to edge layer usage factor is 0.90891206
[2026-03-26 11:41:44.156] [13721] [HailoRT] [info] [internal_buffer_manager.cpp:86] [print_execution_results] Default Internal buffer planner executed successfully
[2026-03-26 11:41:44.177] [13721] [HailoRT] [info] [device_internal.cpp:57] [configure] Configuring HEF took 28.088254 milliseconds
[2026-03-26 11:41:44.177] [13721] [HailoRT] [info] [vdevice.cpp:780] [configure] Configuring HEF on VDevice took 28.397053 milliseconds
[2026-03-26 11:41:44.177] [13721] [HailoRT] [info] [infer_model.cpp:417] [configure] Configuring network group 'yolov11n' with params: batch size: 2, power mode: PERFORMANCE, latency: NONE
[2026-03-26 11:41:44.177] [13721] [HailoRT] [info] [multi_io_elements.cpp:754] [create] Created (AsyncHwEl)
[2026-03-26 11:41:44.177] [13721] [HailoRT] [info] [queue_elements.cpp:450] [create] Created (EntryPushQEl0yolov11n/input_layer1 | timeout: 10s)
[2026-03-26 11:41:44.177] [13721] [HailoRT] [info] [filter_elements.cpp:101] [create] Created (PreInferEl1yolov11n/input_layer1 | Reorder - src_order: RGB4, src_shape: (640, 640, 3), dst_order: NHCW, dst_shape: (640, 640, 3))
[2026-03-26 11:41:44.177] [13721] [HailoRT] [info] [queue_elements.cpp:450] [create] Created (PushQEl1yolov11n/input_layer1 | timeout: 10s)
[2026-03-26 11:41:44.177] [13721] [HailoRT] [info] [multi_io_elements.cpp:135] [create] Created (NmsPPMuxEl0YOLOV8-Post-Process | Op YOLOV8, Name: YOLOV8-Post-Process, Score threshold: 0.300, IoU threshold: 0.45, Classes: 1, Max bboxes per class: 100, Image height: 640, Image width: 640)
[2026-03-26 11:41:44.178] [13721] [HailoRT] [info] [queue_elements.cpp:942] [create] Created (MultiPushQEl0YOLOV8-Post-Process | timeout: 10s)
[2026-03-26 11:41:44.178] [13721] [HailoRT] [info] [edge_elements.cpp:187] [create] Created (LastAsyncEl0NmsPPMuxEl0YOLOV8-Post-Process)
[2026-03-26 11:41:44.178] [13721] [HailoRT] [info] [pipeline.cpp:891] [print_deep_description] EntryPushQEl0yolov11n/input_layer1 | inputs: user | outputs: PreInferEl1yolov11n/input_layer1(running in thread_id: 13796)
[2026-03-26 11:41:44.178] [13721] [HailoRT] [info] [pipeline.cpp:891] [print_deep_description] PreInferEl1yolov11n/input_layer1 | inputs: EntryPushQEl0yolov11n/input_layer1[0] | outputs: PushQEl1yolov11n/input_layer1
[2026-03-26 11:41:44.178] [13721] [HailoRT] [info] [pipeline.cpp:891] [print_deep_description] PushQEl1yolov11n/input_layer1 | inputs: PreInferEl1yolov11n/input_layer1[0] | outputs: AsyncHwEl(running in thread_id: 13797)
[2026-03-26 11:41:44.178] [13721] [HailoRT] [info] [pipeline.cpp:891] [print_deep_description] AsyncHwEl | inputs: PushQEl1yolov11n/input_layer1[0] | outputs: MultiPushQEl0YOLOV8-Post-Process MultiPushQEl0YOLOV8-Post-Process MultiPushQEl0YOLOV8-Post-Process MultiPushQEl0YOLOV8-Post-Process MultiPushQEl0YOLOV8-Post-Process MultiPushQEl0YOLOV8-Post-Process
[2026-03-26 11:41:44.178] [13721] [HailoRT] [info] [pipeline.cpp:891] [print_deep_description] MultiPushQEl0YOLOV8-Post-Process | inputs: AsyncHwEl[0] AsyncHwEl[1] AsyncHwEl[2] AsyncHwEl[3] AsyncHwEl[4] AsyncHwEl[5] | outputs: NmsPPMuxEl0YOLOV8-Post-Process(running in thread_id: 13798)
[2026-03-26 11:41:44.178] [13721] [HailoRT] [info] [pipeline.cpp:891] [print_deep_description] NmsPPMuxEl0YOLOV8-Post-Process | inputs: MultiPushQEl0YOLOV8-Post-Process[0] | outputs: LastAsyncEl0NmsPPMuxEl0YOLOV8-Post-Process
[2026-03-26 11:41:44.178] [13721] [HailoRT] [info] [pipeline.cpp:891] [print_deep_description] LastAsyncEl0NmsPPMuxEl0YOLOV8-Post-Process | inputs: NmsPPMuxEl0YOLOV8-Post-Process[0] | outputs: user
[2026-03-26 11:41:44.450] [13785] [HailoRT] [info] [hef.cpp:1994] [get_network_group_and_network_name] No name was given. Addressing all networks of default network_group: yolov11n
[2026-03-26 11:41:54.451] [13721] [HailoRT] [info] [async_infer_runner.cpp:86] [shutdown] Pipeline was aborted. Shutting it down
[2026-03-26 11:41:54.452] [13721] [HailoRT] [info] [queue_elements.cpp:1131] [execute_deactivate] enqueue() in element MultiPushQEl0YOLOV8-Post-Process was aborted, got status = HAILO_SHUTDOWN_EVENT_SIGNALED(57)
[2026-03-26 11:41:54.452] [13721] [HailoRT] [info] [queue_elements.cpp:1131] [execute_deactivate] enqueue() in element MultiPushQEl0YOLOV8-Post-Process was aborted, got status = HAILO_SHUTDOWN_EVENT_SIGNALED(57)
[2026-03-26 11:41:54.452] [13721] [HailoRT] [info] [queue_elements.cpp:1131] [execute_deactivate] enqueue() in element MultiPushQEl0YOLOV8-Post-Process was aborted, got status = HAILO_SHUTDOWN_EVENT_SIGNALED(57)
[2026-03-26 11:41:54.452] [13721] [HailoRT] [info] [queue_elements.cpp:1131] [execute_deactivate] enqueue() in element MultiPushQEl0YOLOV8-Post-Process was aborted, got status = HAILO_SHUTDOWN_EVENT_SIGNALED(57)
[2026-03-26 11:41:54.452] [13721] [HailoRT] [info] [queue_elements.cpp:1131] [execute_deactivate] enqueue() in element MultiPushQEl0YOLOV8-Post-Process was aborted, got status = HAILO_SHUTDOWN_EVENT_SIGNALED(57)
[2026-03-26 11:41:54.452] [13721] [HailoRT] [info] [queue_elements.cpp:1131] [execute_deactivate] enqueue() in element MultiPushQEl0YOLOV8-Post-Process was aborted, got status = HAILO_SHUTDOWN_EVENT_SIGNALED(57)
[2026-03-26 11:41:54.452] [13721] [HailoRT] [info] [queue_elements.cpp:570] [execute_deactivate] enqueue() in element PushQEl1yolov11n/input_layer1 was aborted, got status = HAILO_SHUTDOWN_EVENT_SIGNALED(57)
[2026-03-26 11:41:54.452] [13721] [HailoRT] [info] [queue_elements.cpp:570] [execute_deactivate] enqueue() in element EntryPushQEl0yolov11n/input_layer1 was aborted, got status = HAILO_SHUTDOWN_EVENT_SIGNALED(57)
[2026-03-26 11:41:54.452] [13721] [HailoRT] [info] [queue_elements.cpp:46] [~BaseQueueElement] Queue element EntryPushQEl0yolov11n/input_layer1 has 0 frames in his Queue on destruction
[2026-03-26 11:41:54.452] [13721] [HailoRT] [info] [queue_elements.cpp:46] [~BaseQueueElement] Queue element PushQEl1yolov11n/input_layer1 has 0 frames in his Queue on destruction
[2026-03-26 11:43:27.254] [14289] [HailoRT] [info] [device.cpp:51] [Device] OS Version: Linux 6.12.47+rpt-rpi-2712 #1 SMP PREEMPT Debian 1:6.12.47-1+rpt1 (2025-09-16) aarch64
[2026-03-26 11:43:27.254] [14289] [HailoRT] [info] [control.cpp:113] [control__parse_identify_results] firmware_version is: 4.23.0
[2026-03-26 11:43:27.254] [14289] [HailoRT] [info] [control.cpp:113] [control__parse_identify_results] firmware_version is: 4.23.0
[2026-03-26 11:43:27.487] [14294] [HailoRT] [info] [device.cpp:51] [Device] OS Version: Linux 6.12.47+rpt-rpi-2712 #1 SMP PREEMPT Debian 1:6.12.47-1+rpt1 (2025-09-16) aarch64
[2026-03-26 11:43:27.487] [14294] [HailoRT] [info] [control.cpp:113] [control__parse_identify_results] firmware_version is: 4.23.0
[2026-03-26 11:43:27.487] [14294] [HailoRT] [info] [control.cpp:113] [control__parse_identify_results] firmware_version is: 4.23.0
[2026-03-26 11:43:27.562] [14236] [HailoRT] [info] [vdevice.cpp:535] [create] Creating vdevice with params: device_count: 1, scheduling_algorithm: ROUND_ROBIN, multi_process_service: false
[2026-03-26 11:43:27.575] [14236] [HailoRT] [info] [device.cpp:51] [Device] OS Version: Linux 6.12.47+rpt-rpi-2712 #1 SMP PREEMPT Debian 1:6.12.47-1+rpt1 (2025-09-16) aarch64
[2026-03-26 11:43:27.575] [14236] [HailoRT] [info] [control.cpp:113] [control__parse_identify_results] firmware_version is: 4.23.0
[2026-03-26 11:43:27.575] [14236] [HailoRT] [info] [vdevice.cpp:682] [create] VDevice Infos: 0001:01:00.0
[2026-03-26 11:43:27.580] [14236] [HailoRT] [info] [hef.cpp:1994] [get_network_group_and_network_name] No name was given. Addressing all networks of default network_group: yolov11n
[2026-03-26 11:43:27.580] [14236] [HailoRT] [info] [hef.cpp:1994] [get_network_group_and_network_name] No name was given. Addressing all networks of default network_group: yolov11n
[2026-03-26 11:43:27.598] [14236] [HailoRT] [info] [internal_buffer_manager.cpp:77] [print_execution_results] Planned internal buffer memory: CMA=0 CMA-Desc=589824 Pinned=3075584. memory to edge layer usage factor is 0.90891206
[2026-03-26 11:43:27.598] [14236] [HailoRT] [info] [internal_buffer_manager.cpp:86] [print_execution_results] Default Internal buffer planner executed successfully
[2026-03-26 11:43:27.618] [14236] [HailoRT] [info] [device_internal.cpp:57] [configure] Configuring HEF took 26.178457 milliseconds
[2026-03-26 11:43:27.618] [14236] [HailoRT] [info] [vdevice.cpp:780] [configure] Configuring HEF on VDevice took 26.486294 milliseconds
[2026-03-26 11:43:27.618] [14236] [HailoRT] [info] [infer_model.cpp:417] [configure] Configuring network group 'yolov11n' with params: batch size: 2, power mode: PERFORMANCE, latency: NONE
[2026-03-26 11:43:27.618] [14236] [HailoRT] [info] [multi_io_elements.cpp:754] [create] Created (AsyncHwEl)
[2026-03-26 11:43:27.618] [14236] [HailoRT] [info] [queue_elements.cpp:450] [create] Created (EntryPushQEl0yolov11n/input_layer1 | timeout: 10s)
[2026-03-26 11:43:27.618] [14236] [HailoRT] [info] [filter_elements.cpp:101] [create] Created (PreInferEl1yolov11n/input_layer1 | Reorder - src_order: RGB4, src_shape: (640, 640, 3), dst_order: NHCW, dst_shape: (640, 640, 3))
[2026-03-26 11:43:27.618] [14236] [HailoRT] [info] [queue_elements.cpp:450] [create] Created (PushQEl1yolov11n/input_layer1 | timeout: 10s)
[2026-03-26 11:43:27.618] [14236] [HailoRT] [info] [multi_io_elements.cpp:135] [create] Created (NmsPPMuxEl0YOLOV8-Post-Process | Op YOLOV8, Name: YOLOV8-Post-Process, Score threshold: 0.300, IoU threshold: 0.45, Classes: 1, Max bboxes per class: 100, Image height: 640, Image width: 640)
[2026-03-26 11:43:27.619] [14236] [HailoRT] [info] [queue_elements.cpp:942] [create] Created (MultiPushQEl0YOLOV8-Post-Process | timeout: 10s)
[2026-03-26 11:43:27.619] [14236] [HailoRT] [info] [edge_elements.cpp:187] [create] Created (LastAsyncEl0NmsPPMuxEl0YOLOV8-Post-Process)
[2026-03-26 11:43:27.619] [14236] [HailoRT] [info] [pipeline.cpp:891] [print_deep_description] EntryPushQEl0yolov11n/input_layer1 | inputs: user | outputs: PreInferEl1yolov11n/input_layer1(running in thread_id: 14321)
[2026-03-26 11:43:27.619] [14236] [HailoRT] [info] [pipeline.cpp:891] [print_deep_description] PreInferEl1yolov11n/input_layer1 | inputs: EntryPushQEl0yolov11n/input_layer1[0] | outputs: PushQEl1yolov11n/input_layer1
[2026-03-26 11:43:27.619] [14236] [HailoRT] [info] [pipeline.cpp:891] [print_deep_description] PushQEl1yolov11n/input_layer1 | inputs: PreInferEl1yolov11n/input_layer1[0] | outputs: AsyncHwEl(running in thread_id: 14322)
[2026-03-26 11:43:27.619] [14236] [HailoRT] [info] [pipeline.cpp:891] [print_deep_description] AsyncHwEl | inputs: PushQEl1yolov11n/input_layer1[0] | outputs: MultiPushQEl0YOLOV8-Post-Process MultiPushQEl0YOLOV8-Post-Process MultiPushQEl0YOLOV8-Post-Process MultiPushQEl0YOLOV8-Post-Process MultiPushQEl0YOLOV8-Post-Process MultiPushQEl0YOLOV8-Post-Process
[2026-03-26 11:43:27.619] [14236] [HailoRT] [info] [pipeline.cpp:891] [print_deep_description] MultiPushQEl0YOLOV8-Post-Process | inputs: AsyncHwEl[0] AsyncHwEl[1] AsyncHwEl[2] AsyncHwEl[3] AsyncHwEl[4] AsyncHwEl[5] | outputs: NmsPPMuxEl0YOLOV8-Post-Process(running in thread_id: 14323)
[2026-03-26 11:43:27.619] [14236] [HailoRT] [info] [pipeline.cpp:891] [print_deep_description] NmsPPMuxEl0YOLOV8-Post-Process | inputs: MultiPushQEl0YOLOV8-Post-Process[0] | outputs: LastAsyncEl0NmsPPMuxEl0YOLOV8-Post-Process
[2026-03-26 11:43:27.619] [14236] [HailoRT] [info] [pipeline.cpp:891] [print_deep_description] LastAsyncEl0NmsPPMuxEl0YOLOV8-Post-Process | inputs: NmsPPMuxEl0YOLOV8-Post-Process[0] | outputs: user
[2026-03-26 11:43:27.896] [14311] [HailoRT] [info] [hef.cpp:1994] [get_network_group_and_network_name] No name was given. Addressing all networks of default network_group: yolov11n
[2026-03-26 20:34:39.729] [33535] [HailoRT] [info] [device.cpp:51] [Device] OS Version: Linux 6.12.47+rpt-rpi-2712 #1 SMP PREEMPT Debian 1:6.12.47-1+rpt1 (2025-09-16) aarch64
[2026-03-26 20:34:39.730] [33535] [HailoRT] [info] [control.cpp:113] [control__parse_identify_results] firmware_version is: 4.23.0
[2026-03-26 20:34:39.730] [33535] [HailoRT] [info] [control.cpp:113] [control__parse_identify_results] firmware_version is: 4.23.0
[2026-03-26 20:34:39.969] [33540] [HailoRT] [info] [device.cpp:51] [Device] OS Version: Linux 6.12.47+rpt-rpi-2712 #1 SMP PREEMPT Debian 1:6.12.47-1+rpt1 (2025-09-16) aarch64
[2026-03-26 20:34:39.970] [33540] [HailoRT] [info] [control.cpp:113] [control__parse_identify_results] firmware_version is: 4.23.0
[2026-03-26 20:34:39.970] [33540] [HailoRT] [info] [control.cpp:113] [control__parse_identify_results] firmware_version is: 4.23.0
[2026-03-26 20:34:40.041] [33524] [HailoRT] [info] [vdevice.cpp:535] [create] Creating vdevice with params: device_count: 1, scheduling_algorithm: ROUND_ROBIN, multi_process_service: false
[2026-03-26 20:34:40.053] [33524] [HailoRT] [info] [device.cpp:51] [Device] OS Version: Linux 6.12.47+rpt-rpi-2712 #1 SMP PREEMPT Debian 1:6.12.47-1+rpt1 (2025-09-16) aarch64
[2026-03-26 20:34:40.053] [33524] [HailoRT] [info] [control.cpp:113] [control__parse_identify_results] firmware_version is: 4.23.0
[2026-03-26 20:34:40.053] [33524] [HailoRT] [info] [vdevice.cpp:682] [create] VDevice Infos: 0001:01:00.0
[2026-03-26 20:34:40.059] [33524] [HailoRT] [info] [hef.cpp:1994] [get_network_group_and_network_name] No name was given. Addressing all networks of default network_group: yolov11n
[2026-03-26 20:34:40.059] [33524] [HailoRT] [info] [hef.cpp:1994] [get_network_group_and_network_name] No name was given. Addressing all networks of default network_group: yolov11n
[2026-03-26 20:34:40.081] [33524] [HailoRT] [info] [internal_buffer_manager.cpp:77] [print_execution_results] Planned internal buffer memory: CMA=0 CMA-Desc=589824 Pinned=3075584. memory to edge layer usage factor is 0.90891206
[2026-03-26 20:34:40.081] [33524] [HailoRT] [info] [internal_buffer_manager.cpp:86] [print_execution_results] Default Internal buffer planner executed successfully
[2026-03-26 20:34:40.099] [33524] [HailoRT] [info] [device_internal.cpp:57] [configure] Configuring HEF took 24.288648 milliseconds
[2026-03-26 20:34:40.099] [33524] [HailoRT] [info] [vdevice.cpp:780] [configure] Configuring HEF on VDevice took 24.594337 milliseconds
[2026-03-26 20:34:40.099] [33524] [HailoRT] [info] [infer_model.cpp:417] [configure] Configuring network group 'yolov11n' with params: batch size: 2, power mode: PERFORMANCE, latency: NONE
[2026-03-26 20:34:40.100] [33524] [HailoRT] [info] [multi_io_elements.cpp:754] [create] Created (AsyncHwEl)
[2026-03-26 20:34:40.100] [33524] [HailoRT] [info] [queue_elements.cpp:450] [create] Created (EntryPushQEl0yolov11n/input_layer1 | timeout: 10s)
[2026-03-26 20:34:40.100] [33524] [HailoRT] [info] [filter_elements.cpp:101] [create] Created (PreInferEl1yolov11n/input_layer1 | Reorder - src_order: RGB4, src_shape: (640, 640, 3), dst_order: NHCW, dst_shape: (640, 640, 3))
[2026-03-26 20:34:40.100] [33524] [HailoRT] [info] [queue_elements.cpp:450] [create] Created (PushQEl1yolov11n/input_layer1 | timeout: 10s)
[2026-03-26 20:34:40.100] [33524] [HailoRT] [info] [multi_io_elements.cpp:135] [create] Created (NmsPPMuxEl0YOLOV8-Post-Process | Op YOLOV8, Name: YOLOV8-Post-Process, Score threshold: 0.300, IoU threshold: 0.45, Classes: 1, Max bboxes per class: 100, Image height: 640, Image width: 640)
[2026-03-26 20:34:40.100] [33524] [HailoRT] [info] [queue_elements.cpp:942] [create] Created (MultiPushQEl0YOLOV8-Post-Process | timeout: 10s)
[2026-03-26 20:34:40.100] [33524] [HailoRT] [info] [edge_elements.cpp:187] [create] Created (LastAsyncEl0NmsPPMuxEl0YOLOV8-Post-Process)
[2026-03-26 20:34:40.100] [33524] [HailoRT] [info] [pipeline.cpp:891] [print_deep_description] EntryPushQEl0yolov11n/input_layer1 | inputs: user | outputs: PreInferEl1yolov11n/input_layer1(running in thread_id: 33567)
[2026-03-26 20:34:40.100] [33524] [HailoRT] [info] [pipeline.cpp:891] [print_deep_description] PreInferEl1yolov11n/input_layer1 | inputs: EntryPushQEl0yolov11n/input_layer1[0] | outputs: PushQEl1yolov11n/input_layer1
[2026-03-26 20:34:40.100] [33524] [HailoRT] [info] [pipeline.cpp:891] [print_deep_description] PushQEl1yolov11n/input_layer1 | inputs: PreInferEl1yolov11n/input_layer1[0] | outputs: AsyncHwEl(running in thread_id: 33568)
[2026-03-26 20:34:40.100] [33524] [HailoRT] [info] [pipeline.cpp:891] [print_deep_description] AsyncHwEl | inputs: PushQEl1yolov11n/input_layer1[0] | outputs: MultiPushQEl0YOLOV8-Post-Process MultiPushQEl0YOLOV8-Post-Process MultiPushQEl0YOLOV8-Post-Process MultiPushQEl0YOLOV8-Post-Process MultiPushQEl0YOLOV8-Post-Process MultiPushQEl0YOLOV8-Post-Process
[2026-03-26 20:34:40.100] [33524] [HailoRT] [info] [pipeline.cpp:891] [print_deep_description] MultiPushQEl0YOLOV8-Post-Process | inputs: AsyncHwEl[0] AsyncHwEl[1] AsyncHwEl[2] AsyncHwEl[3] AsyncHwEl[4] AsyncHwEl[5] | outputs: NmsPPMuxEl0YOLOV8-Post-Process(running in thread_id: 33569)
[2026-03-26 20:34:40.100] [33524] [HailoRT] [info] [pipeline.cpp:891] [print_deep_description] NmsPPMuxEl0YOLOV8-Post-Process | inputs: MultiPushQEl0YOLOV8-Post-Process[0] | outputs: LastAsyncEl0NmsPPMuxEl0YOLOV8-Post-Process
[2026-03-26 20:34:40.100] [33524] [HailoRT] [info] [pipeline.cpp:891] [print_deep_description] LastAsyncEl0NmsPPMuxEl0YOLOV8-Post-Process | inputs: NmsPPMuxEl0YOLOV8-Post-Process[0] | outputs: user
[2026-03-26 20:34:40.584] [33557] [HailoRT] [info] [hef.cpp:1994] [get_network_group_and_network_name] No name was given. Addressing all networks of default network_group: yolov11n
[2026-03-26 20:35:00.608] [33524] [HailoRT] [info] [async_infer_runner.cpp:86] [shutdown] Pipeline was aborted. Shutting it down
[2026-03-26 20:35:00.609] [33524] [HailoRT] [info] [queue_elements.cpp:1131] [execute_deactivate] enqueue() in element MultiPushQEl0YOLOV8-Post-Process was aborted, got status = HAILO_SHUTDOWN_EVENT_SIGNALED(57)
[2026-03-26 20:35:00.609] [33524] [HailoRT] [info] [queue_elements.cpp:1131] [execute_deactivate] enqueue() in element MultiPushQEl0YOLOV8-Post-Process was aborted, got status = HAILO_SHUTDOWN_EVENT_SIGNALED(57)
[2026-03-26 20:35:00.609] [33524] [HailoRT] [info] [queue_elements.cpp:1131] [execute_deactivate] enqueue() in element MultiPushQEl0YOLOV8-Post-Process was aborted, got status = HAILO_SHUTDOWN_EVENT_SIGNALED(57)
[2026-03-26 20:35:00.609] [33524] [HailoRT] [info] [queue_elements.cpp:1131] [execute_deactivate] enqueue() in element MultiPushQEl0YOLOV8-Post-Process was aborted, got status = HAILO_SHUTDOWN_EVENT_SIGNALED(57)
[2026-03-26 20:35:00.609] [33524] [HailoRT] [info] [queue_elements.cpp:1131] [execute_deactivate] enqueue() in element MultiPushQEl0YOLOV8-Post-Process was aborted, got status = HAILO_SHUTDOWN_EVENT_SIGNALED(57)
[2026-03-26 20:35:00.609] [33524] [HailoRT] [info] [queue_elements.cpp:1131] [execute_deactivate] enqueue() in element MultiPushQEl0YOLOV8-Post-Process was aborted, got status = HAILO_SHUTDOWN_EVENT_SIGNALED(57)
[2026-03-26 20:35:00.609] [33524] [HailoRT] [info] [queue_elements.cpp:570] [execute_deactivate] enqueue() in element PushQEl1yolov11n/input_layer1 was aborted, got status = HAILO_SHUTDOWN_EVENT_SIGNALED(57)
[2026-03-26 20:35:00.609] [33524] [HailoRT] [info] [queue_elements.cpp:570] [execute_deactivate] enqueue() in element EntryPushQEl0yolov11n/input_layer1 was aborted, got status = HAILO_SHUTDOWN_EVENT_SIGNALED(57)
[2026-03-26 20:35:00.609] [33524] [HailoRT] [info] [queue_elements.cpp:46] [~BaseQueueElement] Queue element EntryPushQEl0yolov11n/input_layer1 has 0 frames in his Queue on destruction
[2026-03-26 20:35:00.609] [33524] [HailoRT] [info] [queue_elements.cpp:46] [~BaseQueueElement] Queue element PushQEl1yolov11n/input_layer1 has 0 frames in his Queue on destruction
